
*** Running vivado
    with args -log addComplex.vds -m64 -product Vivado -mode batch -messageDb vivado.pb -notrace -source addComplex.tcl



****** Vivado v2020.1.1 (64-bit)
  **** SW Build 2960000 on Wed Aug  5 22:57:20 MDT 2020
  **** IP Build 2956692 on Thu Aug  6 01:41:30 MDT 2020
    ** Copyright 1986-2020 Xilinx, Inc. All Rights Reserved.

source addComplex.tcl -notrace
Command: synth_design -top addComplex -part xa7a35tcpg236-1I
Starting synth_design
Attempting to get a license for feature 'Synthesis' and/or device 'xa7a35t'
INFO: [Common 17-349] Got license for feature 'Synthesis' and/or device 'xa7a35t'
INFO: [Synth 8-7079] Multithreading enabled for synth_design using a maximum of 2 processes.
INFO: [Synth 8-7078] Launching helper process for spawning children vivado processes
INFO: [Synth 8-7075] Helper process launched with PID 20856
---------------------------------------------------------------------------------
Starting Synthesize : Time (s): cpu = 00:00:04 ; elapsed = 00:00:05 . Memory (MB): peak = 1025.871 ; gain = 0.000
---------------------------------------------------------------------------------
INFO: [Synth 8-6157] synthesizing module 'addComplex' [C:/Users/ALHINAI/Documents/GitHub/CBNS/HW_implementation/HW_implementation.srcs/sources_1/new/addComplex.sv:23]
INFO: [Synth 8-6157] synthesizing module 'Add_1_bit' [C:/Users/ALHINAI/Documents/GitHub/CBNS/HW_implementation/HW_implementation.srcs/sources_1/new/Add_1_bit.v:23]
INFO: [Synth 8-6157] synthesizing module 'bit_propagate' [C:/Users/ALHINAI/Documents/GitHub/CBNS/HW_implementation/HW_implementation.srcs/sources_1/new/bit_propagate.sv:23]
INFO: [Synth 8-6155] done synthesizing module 'bit_propagate' (1#1) [C:/Users/ALHINAI/Documents/GitHub/CBNS/HW_implementation/HW_implementation.srcs/sources_1/new/bit_propagate.sv:23]
INFO: [Synth 8-6155] done synthesizing module 'Add_1_bit' (2#1) [C:/Users/ALHINAI/Documents/GitHub/CBNS/HW_implementation/HW_implementation.srcs/sources_1/new/Add_1_bit.v:23]
WARNING: [Synth 8-693] zero replication count - replication ignored [C:/Users/ALHINAI/Documents/GitHub/CBNS/HW_implementation/HW_implementation.srcs/sources_1/new/addComplex.sv:47]
WARNING: [Synth 8-693] zero replication count - replication ignored [C:/Users/ALHINAI/Documents/GitHub/CBNS/HW_implementation/HW_implementation.srcs/sources_1/new/addComplex.sv:47]
INFO: [Synth 8-6155] done synthesizing module 'addComplex' (3#1) [C:/Users/ALHINAI/Documents/GitHub/CBNS/HW_implementation/HW_implementation.srcs/sources_1/new/addComplex.sv:23]
---------------------------------------------------------------------------------
Finished Synthesize : Time (s): cpu = 00:00:05 ; elapsed = 00:00:06 . Memory (MB): peak = 1025.871 ; gain = 0.000
---------------------------------------------------------------------------------
---------------------------------------------------------------------------------
Finished Constraint Validation : Time (s): cpu = 00:00:06 ; elapsed = 00:00:06 . Memory (MB): peak = 1025.871 ; gain = 0.000
---------------------------------------------------------------------------------
---------------------------------------------------------------------------------
Start Loading Part and Timing Information
---------------------------------------------------------------------------------
Loading part: xa7a35tcpg236-1I
---------------------------------------------------------------------------------
Finished Loading Part and Timing Information : Time (s): cpu = 00:00:06 ; elapsed = 00:00:06 . Memory (MB): peak = 1025.871 ; gain = 0.000
---------------------------------------------------------------------------------
INFO: [Device 21-403] Loading part xa7a35tcpg236-1I
---------------------------------------------------------------------------------
Finished RTL Optimization Phase 2 : Time (s): cpu = 00:00:06 ; elapsed = 00:00:06 . Memory (MB): peak = 1025.871 ; gain = 0.000
---------------------------------------------------------------------------------
No constraint files found.
---------------------------------------------------------------------------------
Start RTL Component Statistics 
---------------------------------------------------------------------------------
Detailed RTL Component Info : 
+---Adders : 
	   6 Input    1 Bit       Adders := 256   
+---XORs : 
	   4 Input      1 Bit         XORs := 256   
---------------------------------------------------------------------------------
Finished RTL Component Statistics 
---------------------------------------------------------------------------------
---------------------------------------------------------------------------------
Start Part Resource Summary
---------------------------------------------------------------------------------
Part Resources:
DSPs: 90 (col length:60)
BRAMs: 100 (col length: RAMB18 60 RAMB36 30)
---------------------------------------------------------------------------------
Finished Part Resource Summary
---------------------------------------------------------------------------------
No constraint files found.
---------------------------------------------------------------------------------
Start Cross Boundary and Area Optimization
---------------------------------------------------------------------------------
---------------------------------------------------------------------------------
Finished Cross Boundary and Area Optimization : Time (s): cpu = 00:05:05 ; elapsed = 00:05:12 . Memory (MB): peak = 1071.391 ; gain = 45.520
---------------------------------------------------------------------------------
No constraint files found.
---------------------------------------------------------------------------------
Start Timing Optimization
---------------------------------------------------------------------------------
---------------------------------------------------------------------------------
Finished Timing Optimization : Time (s): cpu = 00:05:05 ; elapsed = 00:05:12 . Memory (MB): peak = 1071.391 ; gain = 45.520
---------------------------------------------------------------------------------
---------------------------------------------------------------------------------
Start Technology Mapping
---------------------------------------------------------------------------------
---------------------------------------------------------------------------------
Finished Technology Mapping : Time (s): cpu = 00:05:05 ; elapsed = 00:05:12 . Memory (MB): peak = 1071.391 ; gain = 45.520
---------------------------------------------------------------------------------
---------------------------------------------------------------------------------
Start IO Insertion
---------------------------------------------------------------------------------
---------------------------------------------------------------------------------
Start Flattening Before IO Insertion
---------------------------------------------------------------------------------
---------------------------------------------------------------------------------
Finished Flattening Before IO Insertion
---------------------------------------------------------------------------------
---------------------------------------------------------------------------------
Start Final Netlist Cleanup
---------------------------------------------------------------------------------
---------------------------------------------------------------------------------
Finished Final Netlist Cleanup
---------------------------------------------------------------------------------
---------------------------------------------------------------------------------
Finished IO Insertion : Time (s): cpu = 00:05:09 ; elapsed = 00:05:16 . Memory (MB): peak = 1071.391 ; gain = 45.520
---------------------------------------------------------------------------------
---------------------------------------------------------------------------------
Start Renaming Generated Instances
---------------------------------------------------------------------------------
---------------------------------------------------------------------------------
Finished Renaming Generated Instances : Time (s): cpu = 00:05:09 ; elapsed = 00:05:16 . Memory (MB): peak = 1071.391 ; gain = 45.520
---------------------------------------------------------------------------------
---------------------------------------------------------------------------------
Start Rebuilding User Hierarchy
---------------------------------------------------------------------------------
---------------------------------------------------------------------------------
Finished Rebuilding User Hierarchy : Time (s): cpu = 00:05:09 ; elapsed = 00:05:16 . Memory (MB): peak = 1071.391 ; gain = 45.520
---------------------------------------------------------------------------------
---------------------------------------------------------------------------------
Start Renaming Generated Ports
---------------------------------------------------------------------------------
---------------------------------------------------------------------------------
Finished Renaming Generated Ports : Time (s): cpu = 00:05:09 ; elapsed = 00:05:16 . Memory (MB): peak = 1071.391 ; gain = 45.520
---------------------------------------------------------------------------------
---------------------------------------------------------------------------------
Start Handling Custom Attributes
---------------------------------------------------------------------------------
---------------------------------------------------------------------------------
Finished Handling Custom Attributes : Time (s): cpu = 00:05:09 ; elapsed = 00:05:16 . Memory (MB): peak = 1071.391 ; gain = 45.520
---------------------------------------------------------------------------------
---------------------------------------------------------------------------------
Start Renaming Generated Nets
---------------------------------------------------------------------------------
---------------------------------------------------------------------------------
Finished Renaming Generated Nets : Time (s): cpu = 00:05:09 ; elapsed = 00:05:16 . Memory (MB): peak = 1071.391 ; gain = 45.520
---------------------------------------------------------------------------------
---------------------------------------------------------------------------------
Start Writing Synthesis Report
---------------------------------------------------------------------------------

Report BlackBoxes: 
+-+--------------+----------+
| |BlackBox name |Instances |
+-+--------------+----------+
+-+--------------+----------+

Report Cell Usage: 
+------+-----+------+
|      |Cell |Count |
+------+-----+------+
|1     |LUT2 |    11|
|2     |LUT3 |    27|
|3     |LUT4 |    11|
|4     |LUT5 |    45|
|5     |LUT6 |    60|
|6     |IBUF |    32|
|7     |OBUF |    16|
+------+-----+------+

Report Instance Areas: 
+------+---------+-------+------+
|      |Instance |Module |Cells |
+------+---------+-------+------+
|1     |top      |       |   202|
+------+---------+-------+------+
---------------------------------------------------------------------------------
Finished Writing Synthesis Report : Time (s): cpu = 00:05:09 ; elapsed = 00:05:16 . Memory (MB): peak = 1071.391 ; gain = 45.520
---------------------------------------------------------------------------------
Synthesis finished with 0 errors, 0 critical warnings and 2 warnings.
Synthesis Optimization Runtime : Time (s): cpu = 00:05:09 ; elapsed = 00:05:16 . Memory (MB): peak = 1071.391 ; gain = 45.520
Synthesis Optimization Complete : Time (s): cpu = 00:05:09 ; elapsed = 00:05:16 . Memory (MB): peak = 1071.391 ; gain = 45.520
INFO: [Project 1-571] Translating synthesized netlist
Netlist sorting complete. Time (s): cpu = 00:00:00 ; elapsed = 00:00:00.003 . Memory (MB): peak = 1071.391 ; gain = 0.000
INFO: [Project 1-570] Preparing netlist for logic optimization
INFO: [Opt 31-138] Pushed 0 inverter(s) to 0 load pin(s).
Netlist sorting complete. Time (s): cpu = 00:00:00 ; elapsed = 00:00:00.001 . Memory (MB): peak = 1072.488 ; gain = 0.000
INFO: [Project 1-111] Unisim Transformation Summary:
No Unisim elements were transformed.

INFO: [Common 17-83] Releasing license: Synthesis
16 Infos, 2 Warnings, 0 Critical Warnings and 0 Errors encountered.
synth_design completed successfully
synth_design: Time (s): cpu = 00:05:13 ; elapsed = 00:05:22 . Memory (MB): peak = 1072.488 ; gain = 46.617
INFO: [Common 17-1381] The checkpoint 'C:/Users/ALHINAI/Documents/GitHub/CBNS/HW_implementation/HW_implementation.runs/synth_1/addComplex.dcp' has been generated.
INFO: [runtcl-4] Executing : report_utilization -file addComplex_utilization_synth.rpt -pb addComplex_utilization_synth.pb
INFO: [Common 17-206] Exiting Vivado at Sun Jan  3 20:12:46 2021...
