#-----------------------------------------------------------
# Vivado v2020.2 (64-bit)
# SW Build 3064766 on Wed Nov 18 09:12:45 MST 2020
# IP Build 3064653 on Wed Nov 18 14:17:31 MST 2020
# Start of session at: Wed Feb  3 09:23:38 2021
# Process ID: 14524
# Current directory: C:/Users/alhinai/GitHub/CBNS/HW_implementation
# Command line: vivado.exe -gui_launcher_event rodinguilauncherevent8660 C:\Users\alhinai\GitHub\CBNS\HW_implementation\HW_implementation.xpr
# Log file: C:/Users/alhinai/GitHub/CBNS/HW_implementation/vivado.log
# Journal file: C:/Users/alhinai/GitHub/CBNS/HW_implementation\vivado.jou
#-----------------------------------------------------------
start_gui
exit
INFO: [Common 17-206] Exiting Vivado at Wed Feb  3 09:24:13 2021...
tion.xpr
INFO: [Project 1-313] Project file moved from 'C:/Users/ALHINAI/Documents/GitHub/CBNS/HW_implementation' since last save.
Scanning sources...
Finished scanning sources
INFO: [Project 1-230] Project 'HW_implementation.xpr' upgraded for this version of Vivado.
INFO: [IP_Flow 19-234] Refreshing IP repositories
INFO: [IP_Flow 19-1704] No user IP repositories specified
INFO: [IP_Flow 19-2313] Loaded Vivado IP repository 'C:/Xilinx/Vivado/2020.2/data/ip'.
open_project: Time (s): cpu = 00:00:19 ; elapsed = 00:00:11 . Memory (MB): peak = 1113.074 ; gain = 0.000
update_compile_order -fileset sources_1
reset_run synth_1
launch_runs synth_1 -jobs 6
[Wed Feb  3 10:06:05 2021] Launched synth_1...
Run output will be captured here: C:/Users/alhinai/GitHub/CBNS/HW_implementation/HW_implementation.runs/synth_1/runme.log
launch_runs impl_1 -jobs 6
[Wed Feb  3 10:14:29 2021] Launched impl_1...
Run output will be captured here: C:/Users/alhinai/GitHub/CBNS/HW_implementation/HW_implementation.runs/impl_1/runme.log
